#
# There is insufficient memory for the Java Runtime Environment to continue.
# Native memory allocation (malloc) failed to allocate 32744 bytes for ChunkPool::allocate
# Possible reasons:
#   The system is out of physical RAM or swap space
#   In 32 bit mode, the process size limit was hit
# Possible solutions:
#   Reduce memory load on the system
#   Increase physical memory or swap space
#   Check if swap backing store is full
#   Use 64 bit Java on a 64 bit OS
#   Decrease Java heap size (-Xmx/-Xms)
#   Decrease number of Java threads
#   Decrease Java thread stack sizes (-Xss)
#   Set larger code cache with -XX:ReservedCodeCacheSize=
# This output file may be truncated or incomplete.
#
#  Out of Memory Error (allocation.cpp:273), pid=4948, tid=3740
#
# JRE version: Java(TM) SE Runtime Environment (8.0_40-b26) (build 1.8.0_40-b26)
# Java VM: Java HotSpot(TM) 64-Bit Server VM (25.40-b25 mixed mode windows-amd64 compressed oops)
# Failed to write core dump. Minidumps are not enabled by default on client versions of Windows
#

---------------  T H R E A D  ---------------

Current thread (0x00000000552e1000):  JavaThread "C2 CompilerThread0" daemon [_thread_in_native, id=3740, stack(0x0000000056b00000,0x0000000056c00000)]

Stack: [0x0000000056b00000,0x0000000056c00000]
Native frames: (J=compiled Java code, j=interpreted, Vv=VM code, C=native code)
V  [jvm.dll+0x32b47a]


Current CompileTask:
C2:   4760 1719   !   4       com.android.dx.cf.code.RopperMachine::run (1550 bytes)


---------------  P R O C E S S  ---------------

Java Threads: ( => current thread )
  0x0000000056e32800 JavaThread "Service Thread" daemon [_thread_blocked, id=5096, stack(0x00000000567d0000,0x00000000568d0000)]
  0x00000000552e9000 JavaThread "C1 CompilerThread2" daemon [_thread_in_native, id=2520, stack(0x00000000572b0000,0x00000000573b0000)]
  0x00000000552e8000 JavaThread "C2 CompilerThread1" daemon [_thread_in_native, id=2600, stack(0x0000000056cd0000,0x0000000056dd0000)]
=>0x00000000552e1000 JavaThread "C2 CompilerThread0" daemon [_thread_in_native, id=3740, stack(0x0000000056b00000,0x0000000056c00000)]
  0x00000000552ee000 JavaThread "Attach Listener" daemon [_thread_blocked, id=6004, stack(0x00000000568f0000,0x00000000569f0000)]
  0x00000000552ed000 JavaThread "Signal Dispatcher" daemon [_thread_blocked, id=7500, stack(0x0000000056210000,0x0000000056310000)]
  0x0000000055281000 JavaThread "Finalizer" daemon [_thread_blocked, id=4848, stack(0x0000000056680000,0x0000000056780000)]
  0x0000000055280000 JavaThread "Reference Handler" daemon [_thread_blocked, id=7800, stack(0x0000000056550000,0x0000000056650000)]
  0x00000000021fe000 JavaThread "main" [_thread_in_Java, id=7824, stack(0x0000000002390000,0x0000000002490000)]

Other Threads:
  0x000000005527a800 VMThread [stack: 0x00000000563a0000,0x00000000564a0000] [id=4144]
  0x0000000056e35800 WatcherThread [stack: 0x0000000057400000,0x0000000057500000] [id=6888]

VM state:not at safepoint (normal execution)

VM Mutex/Monitor currently owned by a thread: None

Heap:
 PSYoungGen      total 38400K, used 22402K [0x00000000eab00000, 0x00000000ed580000, 0x0000000100000000)
  eden space 33280K, 51% used [0x00000000eab00000,0x00000000ebbe5838,0x00000000ecb80000)
  from space 5120K, 99% used [0x00000000ed080000,0x00000000ed57b258,0x00000000ed580000)
  to   space 5120K, 0% used [0x00000000ecb80000,0x00000000ecb80000,0x00000000ed080000)
 ParOldGen       total 87552K, used 36331K [0x00000000c0000000, 0x00000000c5580000, 0x00000000eab00000)
  object space 87552K, 41% used [0x00000000c0000000,0x00000000c237ad70,0x00000000c5580000)
 Metaspace       used 5921K, capacity 6960K, committed 7040K, reserved 1056768K
  class space    used 579K, capacity 616K, committed 640K, reserved 1048576K

Card table byte_map: [0x0000000011b20000,0x0000000011d30000] byte_map_base: 0x0000000011520000

Marking Bits: (ParMarkBitMap*) 0x0000000068124040
 Begin Bits: [0x00000000126f0000, 0x00000000136f0000)
 End Bits:   [0x00000000136f0000, 0x00000000146f0000)

Polling page: 0x0000000000430000

CodeCache: size=245760Kb used=7827Kb max_used=7827Kb free=237932Kb
 bounds [0x0000000002760000, 0x0000000002f10000, 0x0000000011760000]
 total_blobs=2100 nmethods=1837 adapters=177
 compilation: enabled

Compilation events (10 events):
Event: 4.754 Thread 0x00000000552e9000 1891       2       com.android.dx.dex.file.ProtoIdItem::shortFormCharFor (20 bytes)
Event: 4.754 Thread 0x00000000552e9000 nmethod 1891 0x0000000002f09150 code [0x0000000002f092c0, 0x0000000002f094c8]
Event: 4.755 Thread 0x00000000552e9000 1892       2       com.android.dx.dex.file.MethodIdItem::addContents (23 bytes)
Event: 4.756 Thread 0x00000000552e9000 nmethod 1892 0x0000000002f09650 code [0x0000000002f097e0, 0x0000000002f09a98]
Event: 4.756 Thread 0x00000000552e9000 1893       2       com.android.dx.dex.file.TypeListItem::<init> (21 bytes)
Event: 4.756 Thread 0x00000000552e9000 nmethod 1893 0x0000000002f09e10 code [0x0000000002f09f80, 0x0000000002f0a158]
Event: 4.757 Thread 0x00000000552e9000 1894       2       com.android.dx.dex.file.ProtoIdsSection::intern (55 bytes)
Event: 4.757 Thread 0x00000000552e9000 nmethod 1894 0x0000000002f0a210 code [0x0000000002f0a3c0, 0x0000000002f0a7a8]
Event: 4.758 Thread 0x00000000552e9000 1895       2       java.lang.StringBuilder::<init> (6 bytes)
Event: 4.758 Thread 0x00000000552e9000 nmethod 1895 0x0000000002f0aa50 code [0x0000000002f0aba0, 0x0000000002f0ad90]

GC Heap History (10 events):
Event: 3.201 GC heap before
{Heap before GC invocations=4 (full 0):
 PSYoungGen      total 38400K, used 38375K [0x00000000eab00000, 0x00000000ed580000, 0x0000000100000000)
  eden space 33280K, 100% used [0x00000000eab00000,0x00000000ecb80000,0x00000000ecb80000)
  from space 5120K, 99% used [0x00000000ecb80000,0x00000000ed079f70,0x00000000ed080000)
  to   space 5120K, 0% used [0x00000000ed080000,0x00000000ed080000,0x00000000ed580000)
 ParOldGen       total 87552K, used 11268K [0x00000000c0000000, 0x00000000c5580000, 0x00000000eab00000)
  object space 87552K, 12% used [0x00000000c0000000,0x00000000c0b01178,0x00000000c5580000)
 Metaspace       used 5742K, capacity 6832K, committed 7040K, reserved 1056768K
  class space    used 571K, capacity 616K, committed 640K, reserved 1048576K
Event: 3.251 GC heap after
Heap after GC invocations=4 (full 0):
 PSYoungGen      total 38400K, used 5102K [0x00000000eab00000, 0x00000000ed580000, 0x0000000100000000)
  eden space 33280K, 0% used [0x00000000eab00000,0x00000000eab00000,0x00000000ecb80000)
  from space 5120K, 99% used [0x00000000ed080000,0x00000000ed57ba50,0x00000000ed580000)
  to   space 5120K, 0% used [0x00000000ecb80000,0x00000000ecb80000,0x00000000ed080000)
 ParOldGen       total 87552K, used 16220K [0x00000000c0000000, 0x00000000c5580000, 0x00000000eab00000)
  object space 87552K, 18% used [0x00000000c0000000,0x00000000c0fd7090,0x00000000c5580000)
 Metaspace       used 5742K, capacity 6832K, committed 7040K, reserved 1056768K
  class space    used 571K, capacity 616K, committed 640K, reserved 1048576K
}
Event: 3.580 GC heap before
{Heap before GC invocations=5 (full 0):
 PSYoungGen      total 38400K, used 38382K [0x00000000eab00000, 0x00000000ed580000, 0x0000000100000000)
  eden space 33280K, 100% used [0x00000000eab00000,0x00000000ecb80000,0x00000000ecb80000)
  from space 5120K, 99% used [0x00000000ed080000,0x00000000ed57ba50,0x00000000ed580000)
  to   space 5120K, 0% used [0x00000000ecb80000,0x00000000ecb80000,0x00000000ed080000)
 ParOldGen       total 87552K, used 16220K [0x00000000c0000000, 0x00000000c5580000, 0x00000000eab00000)
  object space 87552K, 18% used [0x00000000c0000000,0x00000000c0fd7090,0x00000000c5580000)
 Metaspace       used 5751K, capacity 6896K, committed 7040K, reserved 1056768K
  class space    used 571K, capacity 616K, committed 640K, reserved 1048576K
Event: 3.629 GC heap after
Heap after GC invocations=5 (full 0):
 PSYoungGen      total 38400K, used 5118K [0x00000000eab00000, 0x00000000ed580000, 0x0000000100000000)
  eden space 33280K, 0% used [0x00000000eab00000,0x00000000eab00000,0x00000000ecb80000)
  from space 5120K, 99% used [0x00000000ecb80000,0x00000000ed07f9d0,0x00000000ed080000)
  to   space 5120K, 0% used [0x00000000ed080000,0x00000000ed080000,0x00000000ed580000)
 ParOldGen       total 87552K, used 20988K [0x00000000c0000000, 0x00000000c5580000, 0x00000000eab00000)
  object space 87552K, 23% used [0x00000000c0000000,0x00000000c147f078,0x00000000c5580000)
 Metaspace       used 5751K, capacity 6896K, committed 7040K, reserved 1056768K
  class space    used 571K, capacity 616K, committed 640K, reserved 1048576K
}
Event: 3.910 GC heap before
{Heap before GC invocations=6 (full 0):
 PSYoungGen      total 38400K, used 38398K [0x00000000eab00000, 0x00000000ed580000, 0x0000000100000000)
  eden space 33280K, 100% used [0x00000000eab00000,0x00000000ecb80000,0x00000000ecb80000)
  from space 5120K, 99% used [0x00000000ecb80000,0x00000000ed07f9d0,0x00000000ed080000)
  to   space 5120K, 0% used [0x00000000ed080000,0x00000000ed080000,0x00000000ed580000)
 ParOldGen       total 87552K, used 20988K [0x00000000c0000000, 0x00000000c5580000, 0x00000000eab00000)
  object space 87552K, 23% used [0x00000000c0000000,0x00000000c147f078,0x00000000c5580000)
 Metaspace       used 5760K, capacity 6896K, committed 7040K, reserved 1056768K
  class space    used 571K, capacity 616K, committed 640K, reserved 1048576K
Event: 3.939 GC heap after
Heap after GC invocations=6 (full 0):
 PSYoungGen      total 38400K, used 5108K [0x00000000eab00000, 0x00000000ed580000, 0x0000000100000000)
  eden space 33280K, 0% used [0x00000000eab00000,0x00000000eab00000,0x00000000ecb80000)
  from space 5120K, 99% used [0x00000000ed080000,0x00000000ed57d2a8,0x00000000ed580000)
  to   space 5120K, 0% used [0x00000000ecb80000,0x00000000ecb80000,0x00000000ed080000)
 ParOldGen       total 87552K, used 26091K [0x00000000c0000000, 0x00000000c5580000, 0x00000000eab00000)
  object space 87552K, 29% used [0x00000000c0000000,0x00000000c197adc8,0x00000000c5580000)
 Metaspace       used 5760K, capacity 6896K, committed 7040K, reserved 1056768K
  class space    used 571K, capacity 616K, committed 640K, reserved 1048576K
}
Event: 4.252 GC heap before
{Heap before GC invocations=7 (full 0):
 PSYoungGen      total 38400K, used 38388K [0x00000000eab00000, 0x00000000ed580000, 0x0000000100000000)
  eden space 33280K, 100% used [0x00000000eab00000,0x00000000ecb80000,0x00000000ecb80000)
  from space 5120K, 99% used [0x00000000ed080000,0x00000000ed57d2a8,0x00000000ed580000)
  to   space 5120K, 0% used [0x00000000ecb80000,0x00000000ecb80000,0x00000000ed080000)
 ParOldGen       total 87552K, used 26091K [0x00000000c0000000, 0x00000000c5580000, 0x00000000eab00000)
  object space 87552K, 29% used [0x00000000c0000000,0x00000000c197adc8,0x00000000c5580000)
 Metaspace       used 5790K, capacity 6896K, committed 7040K, reserved 1056768K
  class space    used 571K, capacity 616K, committed 640K, reserved 1048576K
Event: 4.299 GC heap after
Heap after GC invocations=7 (full 0):
 PSYoungGen      total 38400K, used 5118K [0x00000000eab00000, 0x00000000ed580000, 0x0000000100000000)
  eden space 33280K, 0% used [0x00000000eab00000,0x00000000eab00000,0x00000000ecb80000)
  from space 5120K, 99% used [0x00000000ecb80000,0x00000000ed07fb98,0x00000000ed080000)
  to   space 5120K, 0% used [0x00000000ed080000,0x00000000ed080000,0x00000000ed580000)
 ParOldGen       total 87552K, used 31389K [0x00000000c0000000, 0x00000000c5580000, 0x00000000eab00000)
  object space 87552K, 35% used [0x00000000c0000000,0x00000000c1ea76a0,0x00000000c5580000)
 Metaspace       used 5790K, capacity 6896K, committed 7040K, reserved 1056768K
  class space    used 571K, capacity 616K, committed 640K, reserved 1048576K
}
Event: 4.511 GC heap before
{Heap before GC invocations=8 (full 0):
 PSYoungGen      total 38400K, used 38398K [0x00000000eab00000, 0x00000000ed580000, 0x0000000100000000)
  eden space 33280K, 100% used [0x00000000eab00000,0x00000000ecb80000,0x00000000ecb80000)
  from space 5120K, 99% used [0x00000000ecb80000,0x00000000ed07fb98,0x00000000ed080000)
  to   space 5120K, 0% used [0x00000000ed080000,0x00000000ed080000,0x00000000ed580000)
 ParOldGen       total 87552K, used 31389K [0x00000000c0000000, 0x00000000c5580000, 0x00000000eab00000)
  object space 87552K, 35% used [0x00000000c0000000,0x00000000c1ea76a0,0x00000000c5580000)
 Metaspace       used 5798K, capacity 6896K, committed 7040K, reserved 1056768K
  class space    used 571K, capacity 616K, committed 640K, reserved 1048576K
Event: 4.544 GC heap after
Heap after GC invocations=8 (full 0):
 PSYoungGen      total 38400K, used 5100K [0x00000000eab00000, 0x00000000ed580000, 0x0000000100000000)
  eden space 33280K, 0% used [0x00000000eab00000,0x00000000eab00000,0x00000000ecb80000)
  from space 5120K, 99% used [0x00000000ed080000,0x00000000ed57b258,0x00000000ed580000)
  to   space 5120K, 0% used [0x00000000ecb80000,0x00000000ecb80000,0x00000000ed080000)
 ParOldGen       total 87552K, used 36331K [0x00000000c0000000, 0x00000000c5580000, 0x00000000eab00000)
  object space 87552K, 41% used [0x00000000c0000000,0x00000000c237ad70,0x00000000c5580000)
 Metaspace       used 5798K, capacity 6896K, committed 7040K, reserved 1056768K
  class space    used 571K, capacity 616K, committed 640K, reserved 1048576K
}

Deoptimization events (10 events):
Event: 3.319 Thread 0x00000000021fe000 Uncommon trap: reason=unstable_if action=reinterpret pc=0x0000000002def244 method=com.android.dx.ssa.MoveParamCombiner$1.visitNonMoveInsn(Lcom/android/dx/ssa/NormalSsaInsn;)V @ 27
Event: 3.995 Thread 0x00000000021fe000 Uncommon trap: reason=unstable_if action=reinterpret pc=0x0000000002dfe310 method=com.android.dx.ssa.SCCP.simulateBranch(Lcom/android/dx/ssa/SsaInsn;)V @ 548
Event: 4.007 Thread 0x00000000021fe000 Uncommon trap: reason=unstable_if action=reinterpret pc=0x0000000002e45e6c method=com.android.dx.cf.code.ByteCatchList.listFor(I)Lcom/android/dx/cf/code/ByteCatchList; @ 47
Event: 4.169 Thread 0x00000000021fe000 Uncommon trap: reason=unstable_if action=reinterpret pc=0x0000000002d62938 method=com.android.dx.ssa.SCCP.simulateStmt(Lcom/android/dx/ssa/SsaInsn;)V @ 59
Event: 4.383 Thread 0x00000000021fe000 Uncommon trap: reason=unstable_if action=reinterpret pc=0x0000000002def7c8 method=com.android.dx.util.BitIntSet.has(I)Z @ 8
Event: 4.641 Thread 0x00000000021fe000 Uncommon trap: reason=class_check action=maybe_recompile pc=0x0000000002ce30c4 method=java.util.Arrays.hashCode([Ljava/lang/Object;)I @ 43
Event: 4.641 Thread 0x00000000021fe000 Uncommon trap: reason=class_check action=maybe_recompile pc=0x0000000002ce30c4 method=java.util.Arrays.hashCode([Ljava/lang/Object;)I @ 43
Event: 4.641 Thread 0x00000000021fe000 Uncommon trap: reason=class_check action=maybe_recompile pc=0x0000000002ce30c4 method=java.util.Arrays.hashCode([Ljava/lang/Object;)I @ 43
Event: 4.641 Thread 0x00000000021fe000 Uncommon trap: reason=class_check action=maybe_recompile pc=0x0000000002ce30c4 method=java.util.Arrays.hashCode([Ljava/lang/Object;)I @ 43
Event: 4.642 Thread 0x00000000021fe000 Uncommon trap: reason=class_check action=maybe_recompile pc=0x0000000002cc912c method=java.util.Arrays.hashCode([Ljava/lang/Object;)I @ 43

Internal exceptions (7 events):
Event: 0.053 Thread 0x00000000021fe000 Exception <a 'java/lang/NoSuchMethodError': Method sun.misc.Unsafe.defineClass(Ljava/lang/String;[BII)Ljava/lang/Class; name or signature does not match> (0x00000000eab12d40) thrown at [D:\re\workspace\8-2-build-windows-amd64-cygwin\jdk8u40\3098\hotspot\srS¡_˜Ë;«?
Event: 0.053 Thread 0x00000000021fe000 Exception <a 'java/lang/NoSuchMethodError': Method sun.misc.Unsafe.prefetchRead(Ljava/lang/Object;J)V name or signature does not match> (0x00000000eab12fd0) thrown at [D:\re\workspace\8-2-build-windows-amd64-cygwin\jdk8u40\3098\hotspot\src\share\vm\prims\j¢nF|ü?
Event: 1.754 Thread 0x00000000021fe000 Implicit null exception at 0x0000000002cabb49 to 0x0000000002cad701
Event: 2.057 Thread 0x00000000021fe000 Implicit null exception at 0x0000000002cf32f6 to 0x0000000002cf4f25
Event: 2.979 Thread 0x00000000021fe000 Exception <a 'java/lang/ArrayIndexOutOfBoundsException': 18> (0x00000000eb42e898) thrown at [D:\re\workspace\8-2-build-windows-amd64-cygwin\jdk8u40\3098\hotspot\src\share\vm\interpreter\interpreterRuntime.cpp, line 366]
Event: 2.980 Thread 0x00000000021fe000 Exception <a 'java/lang/ArrayIndexOutOfBoundsException'> (0x00000000eb430368) thrown at [D:\re\workspace\8-2-build-windows-amd64-cygwin\jdk8u40\3098\hotspot\src\share\vm\runtime\sharedRuntime.cpp, line 605]
Event: 2.981 Thread 0x00000000021fe000 Exception <a 'java/lang/ArrayIndexOutOfBoundsException'> (0x00000000eb4315a0) thrown at [D:\re\workspace\8-2-build-windows-amd64-cygwin\jdk8u40\3098\hotspot\src\share\vm\runtime\sharedRuntime.cpp, line 605]

Events (10 events):
Event: 4.659 loading class java/util/HashMap$KeyIterator
Event: 4.659 loading class java/util/HashMap$KeyIterator done
Event: 4.661 loading class com/android/dx/dex/file/CatchStructs
Event: 4.661 loading class com/android/dx/dex/file/CatchStructs done
Event: 4.674 Thread 0x00000000021fe000 DEOPT PACKING pc=0x0000000002ef1d7c sp=0x000000000248ee50
Event: 4.674 Thread 0x00000000021fe000 DEOPT UNPACKING pc=0x00000000027a747f sp=0x000000000248ebe0 mode 0
Event: 4.744 loading class com/android/dx/dex/file/ValueEncoder
Event: 4.744 loading class com/android/dx/dex/file/ValueEncoder done
Event: 4.751 loading class com/android/dx/dex/file/ProtoIdItem
Event: 4.751 loading class com/android/dx/dex/file/ProtoIdItem done


Dynamic libraries:
0x000000013ff20000 - 0x000000013ff57000 	C:\Program Files\Java\jdk1.8.0_40\bin\java.exe
0x0000000077670000 - 0x0000000077819000 	C:\Windows\SYSTEM32\ntdll.dll
0x0000000077550000 - 0x000000007766f000 	C:\Windows\system32\kernel32.dll
0x000007fefddd0000 - 0x000007fefde3c000 	C:\Windows\system32\KERNELBASE.dll
0x000007feff700000 - 0x000007feff7db000 	C:\Windows\system32\ADVAPI32.dll
0x000007feff3b0000 - 0x000007feff44f000 	C:\Windows\system32\msvcrt.dll
0x000007feff390000 - 0x000007feff3af000 	C:\Windows\SYSTEM32\sechost.dll
0x000007feff7f0000 - 0x000007feff91d000 	C:\Windows\system32\RPCRT4.dll
0x0000000077230000 - 0x000000007732a000 	C:\Windows\system32\USER32.dll
0x000007fefdea0000 - 0x000007fefdf07000 	C:\Windows\system32\GDI32.dll
0x000007feff7e0000 - 0x000007feff7ee000 	C:\Windows\system32\LPK.dll
0x000007feff450000 - 0x000007feff519000 	C:\Windows\system32\USP10.dll
0x000007fefc4b0000 - 0x000007fefc6a4000 	C:\Windows\WinSxS\amd64_microsoft.windows.common-controls_6595b64144ccf1df_6.0.7601.17514_none_fa396087175ac9ac\COMCTL32.dll
0x000007fefdf10000 - 0x000007fefdf81000 	C:\Windows\system32\SHLWAPI.dll
0x000007fefe300000 - 0x000007fefe32e000 	C:\Windows\system32\IMM32.DLL
0x000007feff550000 - 0x000007feff659000 	C:\Windows\system32\MSCTF.dll
0x0000000067310000 - 0x00000000673e2000 	C:\Program Files\Java\jdk1.8.0_40\jre\bin\msvcr100.dll
0x0000000067920000 - 0x00000000681a3000 	C:\Program Files\Java\jdk1.8.0_40\jre\bin\server\jvm.dll
0x000007fefbcb0000 - 0x000007fefbcb9000 	C:\Windows\system32\WSOCK32.dll
0x000007fefe3d0000 - 0x000007fefe41d000 	C:\Windows\system32\WS2_32.dll
0x000007feff520000 - 0x000007feff528000 	C:\Windows\system32\NSI.dll
0x000007fefa6a0000 - 0x000007fefa6db000 	C:\Windows\system32\WINMM.dll
0x000007fefcc30000 - 0x000007fefcc3c000 	C:\Windows\system32\VERSION.dll
0x0000000077830000 - 0x0000000077837000 	C:\Windows\system32\PSAPI.DLL
0x000000006ce60000 - 0x000000006ce6f000 	C:\Program Files\Java\jdk1.8.0_40\jre\bin\verify.dll
0x0000000068300000 - 0x0000000068329000 	C:\Program Files\Java\jdk1.8.0_40\jre\bin\java.dll
0x00000000682e0000 - 0x00000000682f6000 	C:\Program Files\Java\jdk1.8.0_40\jre\bin\zip.dll
0x000007fefe420000 - 0x000007feff1a9000 	C:\Windows\system32\SHELL32.dll
0x000007fefdf90000 - 0x000007fefe193000 	C:\Windows\system32\ole32.dll
0x000007fefdad0000 - 0x000007fefdadf000 	C:\Windows\system32\profapi.dll

VM Arguments:
jvm_args: -Xmx1024M -Dfile.encoding=windows-1251 -Duser.country=RU -Duser.language=ru -Duser.variant 
java_command: com.android.dx.command.Main --dex --output E:\Project\Z81TVGuide\app\build\intermediates\pre-dexed\debug\classes-7c6fdbeee85db7ff120d98c5beb8324e6bf17f13.jar E:\Project\Z81TVGuide\app\build\intermediates\exploded-aar\com.android.support\appcompat-v7\22.0.0\classes.jar
java_class_path (initial): E:\Program\Android\sdk\build-tools\20.0.0\lib\dx.jar
Launcher Type: SUN_STANDARD

Environment Variables:
PATH=C:\ProgramData\Oracle\Java\javapath;C:\Python27\;E:\Program\Pyton\;E:\Program\Pyton\Scripts;E:\Program\GPS\ImageMagick;C:\Windows\system32;C:\Windows;C:\Windows\System32\Wbem;C:\Windows\System32\WindowsPowerShell\v1.0\;C:\Program Files (x86)\ATI Technologies\ATI.ACE\Core-Static;C:\Program Files (x86)\AMD\ATI.ACE\Core-Static;C:\Program Files (x86)\Skype\Phone\
USERNAME=Michael
OS=Windows_NT
PROCESSOR_IDENTIFIER=AMD64 Family 16 Model 5 Stepping 2, AuthenticAMD



---------------  S Y S T E M  ---------------

OS: Windows 7 , 64 bit Build 7601 (6.1.7601.18409)

CPU:total 4 (4 cores per cpu, 1 threads per core) family 16 model 5 stepping 2, cmov, cx8, fxsr, mmx, sse, sse2, sse3, popcnt, mmxext, 3dnowpref, lzcnt, sse4a, tsc, tscinvbit, tscinv

Memory: 4k page, physical 8368832k(1554808k free), swap 8366976k(5092k free)

vm_info: Java HotSpot(TM) 64-Bit Server VM (25.40-b25) for windows-amd64 JRE (1.8.0_40-b26), built on Mar  7 2015 13:51:59 by "java_re" with MS VC++ 10.0 (VS2010)

time: Sun Apr 12 00:41:58 2015
elapsed time: 4 seconds (0d 0h 0m 4s)

